  Camera.cpp
c:\users\devil\vcpkg\installed\x64-windows\include\entt\core\type_info.hpp(60): warning C4307: '*': integral constant overflow
  c:\users\devil\vcpkg\installed\x64-windows\include\entt\core\type_info.hpp(59): note: while compiling class template member function 'uint32_t entt::type_info<unsigned __int64,void>::id(void) noexcept'
  c:\users\devil\vcpkg\installed\x64-windows\include\entt\meta\meta.hpp(199): note: see reference to function template instantiation 'uint32_t entt::type_info<unsigned __int64,void>::id(void) noexcept' being compiled
  c:\users\devil\vcpkg\installed\x64-windows\include\entt\meta\meta.hpp(197): note: see reference to class template instantiation 'entt::type_info<unsigned __int64,void>' being compiled
  c:\users\devil\vcpkg\installed\x64-windows\include\entt\meta\meta.hpp(197): note: while compiling class template member function 'entt::internal::meta_type_node *entt::internal::meta_node<unsigned __int64>::resolve(void) noexcept'
  c:\users\devil\vcpkg\installed\x64-windows\include\entt\meta\meta.hpp(349): note: see reference to function template instantiation 'entt::internal::meta_type_node *entt::internal::meta_node<unsigned __int64>::resolve(void) noexcept' being compiled
  c:\users\devil\vcpkg\installed\x64-windows\include\entt\meta\meta.hpp(233): note: see reference to class template instantiation 'entt::internal::meta_node<unsigned __int64>' being compiled
  c:\users\devil\vcpkg\installed\x64-windows\include\entt\meta\meta.hpp(347): note: see reference to class template instantiation 'entt::internal::meta_info<Type>' being compiled
          with
          [
              Type=unsigned __int64
          ]
  c:\users\devil\vcpkg\installed\x64-windows\include\entt\meta\meta.hpp(379): note: see reference to function template instantiation 'entt::meta_any::meta_any<unsigned __int64,size_t&>(std::in_place_type_t<unsigned __int64>,size_t &)' being compiled
  c:\users\devil\vcpkg\installed\x64-windows\include\entt\meta\meta.hpp(970): note: see reference to function template instantiation 'entt::meta_any::meta_any<size_t&,void>(Type)' being compiled
          with
          [
              Type=size_t &
          ]
  EntityManager.cpp
c:\users\devil\vcpkg\installed\x64-windows\include\entt\core\type_info.hpp(60): warning C4307: '*': integral constant overflow
  c:\users\devil\vcpkg\installed\x64-windows\include\entt\core\type_info.hpp(59): note: while compiling class template member function 'uint32_t entt::type_info<Component,void>::id(void) noexcept'
          with
          [
              Component=CSun
          ]
  c:\users\devil\vcpkg\installed\x64-windows\include\entt\entity\registry.hpp(193): note: see reference to function template instantiation 'uint32_t entt::type_info<Component,void>::id(void) noexcept' being compiled
          with
          [
              Component=CSun
          ]
  c:\users\devil\vcpkg\installed\x64-windows\include\entt\entity\registry.hpp(193): note: see reference to class template instantiation 'entt::type_info<Component,void>' being compiled
          with
          [
              Component=CSun
          ]
  c:\users\devil\vcpkg\installed\x64-windows\include\entt\entity\registry.hpp(227): note: see reference to function template instantiation 'const entt::basic_registry<entt::entity>::pool_handler<CSun> &entt::basic_registry<entt::entity>::assure<CSun>(void) const' being compiled
  c:\users\devil\vcpkg\installed\x64-windows\include\entt\entity\registry.hpp(227): note: see reference to function template instantiation 'const entt::basic_registry<entt::entity>::pool_handler<CSun> &entt::basic_registry<entt::entity>::assure<CSun>(void) const' being compiled
  c:\users\devil\vcpkg\installed\x64-windows\include\entt\entity\registry.hpp(624): note: see reference to function template instantiation 'entt::basic_registry<entt::entity>::pool_handler<CSun> &entt::basic_registry<entt::entity>::assure<CSun>(void)' being compiled
  c:\users\devil\vcpkg\installed\x64-windows\include\entt\entity\registry.hpp(624): note: see reference to function template instantiation 'entt::basic_registry<entt::entity>::pool_handler<CSun> &entt::basic_registry<entt::entity>::assure<CSun>(void)' being compiled
  c:\users\devil\source\repos\galaxyecs\galaxyecs\entitymanager.cpp(65): note: see reference to function template instantiation 'CSun &entt::basic_registry<entt::entity>::assign<CSun,>(const entt::entity)' being compiled
  GalaxyECS.cpp
c:\users\devil\vcpkg\installed\x64-windows\include\entt\core\type_info.hpp(60): warning C4307: '*': integral constant overflow
  c:\users\devil\vcpkg\installed\x64-windows\include\entt\core\type_info.hpp(59): note: while compiling class template member function 'uint32_t entt::type_info<Component,void>::id(void) noexcept'
          with
          [
              Component=CController
          ]
  c:\users\devil\vcpkg\installed\x64-windows\include\entt\entity\registry.hpp(193): note: see reference to function template instantiation 'uint32_t entt::type_info<Component,void>::id(void) noexcept' being compiled
          with
          [
              Component=CController
          ]
  c:\users\devil\vcpkg\installed\x64-windows\include\entt\entity\registry.hpp(193): note: see reference to class template instantiation 'entt::type_info<Component,void>' being compiled
          with
          [
              Component=CController
          ]
  c:\users\devil\vcpkg\installed\x64-windows\include\entt\entity\registry.hpp(227): note: see reference to function template instantiation 'const entt::basic_registry<entt::entity>::pool_handler<CController> &entt::basic_registry<entt::entity>::assure<CController>(void) const' being compiled
  c:\users\devil\vcpkg\installed\x64-windows\include\entt\entity\registry.hpp(227): note: see reference to function template instantiation 'const entt::basic_registry<entt::entity>::pool_handler<CController> &entt::basic_registry<entt::entity>::assure<CController>(void) const' being compiled
  c:\users\devil\vcpkg\installed\x64-windows\include\entt\entity\registry.hpp(901): note: see reference to function template instantiation 'entt::basic_registry<entt::entity>::pool_handler<CController> &entt::basic_registry<entt::entity>::assure<CController>(void)' being compiled
  c:\users\devil\vcpkg\installed\x64-windows\include\entt\entity\registry.hpp(905): note: see reference to function template instantiation 'entt::basic_registry<entt::entity>::pool_handler<CController> &entt::basic_registry<entt::entity>::assure<CController>(void)' being compiled
  c:\users\devil\source\repos\galaxyecs\galaxyecs\galaxyecs.cpp(35): note: see reference to function template instantiation 'CController &entt::basic_registry<entt::entity>::get<CController>(const entt::entity)' being compiled
  Globals.cpp
c:\users\devil\vcpkg\installed\x64-windows\include\entt\core\type_info.hpp(60): warning C4307: '*': integral constant overflow
  c:\users\devil\vcpkg\installed\x64-windows\include\entt\core\type_info.hpp(59): note: while compiling class template member function 'uint32_t entt::type_info<unsigned __int64,void>::id(void) noexcept'
  c:\users\devil\vcpkg\installed\x64-windows\include\entt\meta\meta.hpp(199): note: see reference to function template instantiation 'uint32_t entt::type_info<unsigned __int64,void>::id(void) noexcept' being compiled
  c:\users\devil\vcpkg\installed\x64-windows\include\entt\meta\meta.hpp(197): note: see reference to class template instantiation 'entt::type_info<unsigned __int64,void>' being compiled
  c:\users\devil\vcpkg\installed\x64-windows\include\entt\meta\meta.hpp(197): note: while compiling class template member function 'entt::internal::meta_type_node *entt::internal::meta_node<unsigned __int64>::resolve(void) noexcept'
  c:\users\devil\vcpkg\installed\x64-windows\include\entt\meta\meta.hpp(349): note: see reference to function template instantiation 'entt::internal::meta_type_node *entt::internal::meta_node<unsigned __int64>::resolve(void) noexcept' being compiled
  c:\users\devil\vcpkg\installed\x64-windows\include\entt\meta\meta.hpp(233): note: see reference to class template instantiation 'entt::internal::meta_node<unsigned __int64>' being compiled
  c:\users\devil\vcpkg\installed\x64-windows\include\entt\meta\meta.hpp(347): note: see reference to class template instantiation 'entt::internal::meta_info<Type>' being compiled
          with
          [
              Type=unsigned __int64
          ]
  c:\users\devil\vcpkg\installed\x64-windows\include\entt\meta\meta.hpp(379): note: see reference to function template instantiation 'entt::meta_any::meta_any<unsigned __int64,size_t&>(std::in_place_type_t<unsigned __int64>,size_t &)' being compiled
  c:\users\devil\vcpkg\installed\x64-windows\include\entt\meta\meta.hpp(970): note: see reference to function template instantiation 'entt::meta_any::meta_any<size_t&,void>(Type)' being compiled
          with
          [
              Type=size_t &
          ]
  Input.cpp
c:\users\devil\vcpkg\installed\x64-windows\include\entt\core\type_info.hpp(60): warning C4307: '*': integral constant overflow
  c:\users\devil\vcpkg\installed\x64-windows\include\entt\core\type_info.hpp(59): note: while compiling class template member function 'uint32_t entt::type_info<unsigned __int64,void>::id(void) noexcept'
  c:\users\devil\vcpkg\installed\x64-windows\include\entt\meta\meta.hpp(199): note: see reference to function template instantiation 'uint32_t entt::type_info<unsigned __int64,void>::id(void) noexcept' being compiled
  c:\users\devil\vcpkg\installed\x64-windows\include\entt\meta\meta.hpp(197): note: see reference to class template instantiation 'entt::type_info<unsigned __int64,void>' being compiled
  c:\users\devil\vcpkg\installed\x64-windows\include\entt\meta\meta.hpp(197): note: while compiling class template member function 'entt::internal::meta_type_node *entt::internal::meta_node<unsigned __int64>::resolve(void) noexcept'
  c:\users\devil\vcpkg\installed\x64-windows\include\entt\meta\meta.hpp(349): note: see reference to function template instantiation 'entt::internal::meta_type_node *entt::internal::meta_node<unsigned __int64>::resolve(void) noexcept' being compiled
  c:\users\devil\vcpkg\installed\x64-windows\include\entt\meta\meta.hpp(233): note: see reference to class template instantiation 'entt::internal::meta_node<unsigned __int64>' being compiled
  c:\users\devil\vcpkg\installed\x64-windows\include\entt\meta\meta.hpp(347): note: see reference to class template instantiation 'entt::internal::meta_info<Type>' being compiled
          with
          [
              Type=unsigned __int64
          ]
  c:\users\devil\vcpkg\installed\x64-windows\include\entt\meta\meta.hpp(379): note: see reference to function template instantiation 'entt::meta_any::meta_any<unsigned __int64,size_t&>(std::in_place_type_t<unsigned __int64>,size_t &)' being compiled
  c:\users\devil\vcpkg\installed\x64-windows\include\entt\meta\meta.hpp(970): note: see reference to function template instantiation 'entt::meta_any::meta_any<size_t&,void>(Type)' being compiled
          with
          [
              Type=size_t &
          ]
  Renderer.cpp
c:\users\devil\source\repos\galaxyecs\galaxyecs\renderer.cpp(170): warning C4244: '=': conversion from 'double' to 'float', possible loss of data
c:\users\devil\source\repos\galaxyecs\galaxyecs\renderer.cpp(358): warning C4244: '=': conversion from 'double' to 'float', possible loss of data
c:\users\devil\source\repos\galaxyecs\galaxyecs\renderer.cpp(510): warning C4244: 'argument': conversion from 'T' to 'GLfloat', possible loss of data
          with
          [
              T=glm::f64
          ]
c:\users\devil\source\repos\galaxyecs\galaxyecs\renderer.cpp(511): warning C4244: 'argument': conversion from 'T' to 'GLfloat', possible loss of data
          with
          [
              T=glm::f64
          ]
c:\users\devil\source\repos\galaxyecs\galaxyecs\renderer.cpp(512): warning C4244: 'argument': conversion from 'T' to 'GLfloat', possible loss of data
          with
          [
              T=glm::f64
          ]
c:\users\devil\source\repos\galaxyecs\galaxyecs\renderer.cpp(559): warning C4267: '=': conversion from 'size_t' to 'GLuint', possible loss of data
c:\users\devil\vcpkg\installed\x64-windows\include\entt\core\type_info.hpp(60): warning C4307: '*': integral constant overflow
  c:\users\devil\vcpkg\installed\x64-windows\include\entt\core\type_info.hpp(59): note: while compiling class template member function 'uint32_t entt::type_info<Component,void>::id(void) noexcept'
          with
          [
              Component=CPlanet
          ]
  c:\users\devil\vcpkg\installed\x64-windows\include\entt\entity\registry.hpp(193): note: see reference to function template instantiation 'uint32_t entt::type_info<Component,void>::id(void) noexcept' being compiled
          with
          [
              Component=CPlanet
          ]
  c:\users\devil\vcpkg\installed\x64-windows\include\entt\entity\registry.hpp(193): note: see reference to class template instantiation 'entt::type_info<Component,void>' being compiled
          with
          [
              Component=CPlanet
          ]
  c:\users\devil\vcpkg\installed\x64-windows\include\entt\entity\registry.hpp(850): note: see reference to function template instantiation 'const entt::basic_registry<entt::entity>::pool_handler<CPlanet> &entt::basic_registry<entt::entity>::assure<CPlanet>(void) const' being compiled
  c:\users\devil\vcpkg\installed\x64-windows\include\entt\entity\registry.hpp(852): note: see reference to function template instantiation 'const entt::basic_registry<entt::entity>::pool_handler<CPlanet> &entt::basic_registry<entt::entity>::assure<CPlanet>(void) const' being compiled
  c:\users\devil\source\repos\galaxyecs\galaxyecs\renderer.cpp(195): note: see reference to function template instantiation 'bool entt::basic_registry<entt::entity>::has<CPlanet>(const entt::entity) const' being compiled
  c:\users\devil\source\repos\galaxyecs\galaxyecs\renderer.cpp(195): note: see reference to function template instantiation 'bool entt::basic_registry<entt::entity>::has<CPlanet>(const entt::entity) const' being compiled
  Shader.cpp
c:\users\devil\vcpkg\installed\x64-windows\include\entt\core\type_info.hpp(60): warning C4307: '*': integral constant overflow
  c:\users\devil\vcpkg\installed\x64-windows\include\entt\core\type_info.hpp(59): note: while compiling class template member function 'uint32_t entt::type_info<unsigned __int64,void>::id(void) noexcept'
  c:\users\devil\vcpkg\installed\x64-windows\include\entt\meta\meta.hpp(199): note: see reference to function template instantiation 'uint32_t entt::type_info<unsigned __int64,void>::id(void) noexcept' being compiled
  c:\users\devil\vcpkg\installed\x64-windows\include\entt\meta\meta.hpp(197): note: see reference to class template instantiation 'entt::type_info<unsigned __int64,void>' being compiled
  c:\users\devil\vcpkg\installed\x64-windows\include\entt\meta\meta.hpp(197): note: while compiling class template member function 'entt::internal::meta_type_node *entt::internal::meta_node<unsigned __int64>::resolve(void) noexcept'
  c:\users\devil\vcpkg\installed\x64-windows\include\entt\meta\meta.hpp(349): note: see reference to function template instantiation 'entt::internal::meta_type_node *entt::internal::meta_node<unsigned __int64>::resolve(void) noexcept' being compiled
  c:\users\devil\vcpkg\installed\x64-windows\include\entt\meta\meta.hpp(233): note: see reference to class template instantiation 'entt::internal::meta_node<unsigned __int64>' being compiled
  c:\users\devil\vcpkg\installed\x64-windows\include\entt\meta\meta.hpp(347): note: see reference to class template instantiation 'entt::internal::meta_info<Type>' being compiled
          with
          [
              Type=unsigned __int64
          ]
  c:\users\devil\vcpkg\installed\x64-windows\include\entt\meta\meta.hpp(379): note: see reference to function template instantiation 'entt::meta_any::meta_any<unsigned __int64,size_t&>(std::in_place_type_t<unsigned __int64>,size_t &)' being compiled
  c:\users\devil\vcpkg\installed\x64-windows\include\entt\meta\meta.hpp(970): note: see reference to function template instantiation 'entt::meta_any::meta_any<size_t&,void>(Type)' being compiled
          with
          [
              Type=size_t &
          ]
  ShaderManager.cpp
c:\users\devil\vcpkg\installed\x64-windows\include\entt\core\type_info.hpp(60): warning C4307: '*': integral constant overflow
  c:\users\devil\vcpkg\installed\x64-windows\include\entt\core\type_info.hpp(59): note: while compiling class template member function 'uint32_t entt::type_info<unsigned __int64,void>::id(void) noexcept'
  c:\users\devil\vcpkg\installed\x64-windows\include\entt\meta\meta.hpp(199): note: see reference to function template instantiation 'uint32_t entt::type_info<unsigned __int64,void>::id(void) noexcept' being compiled
  c:\users\devil\vcpkg\installed\x64-windows\include\entt\meta\meta.hpp(197): note: see reference to class template instantiation 'entt::type_info<unsigned __int64,void>' being compiled
  c:\users\devil\vcpkg\installed\x64-windows\include\entt\meta\meta.hpp(197): note: while compiling class template member function 'entt::internal::meta_type_node *entt::internal::meta_node<unsigned __int64>::resolve(void) noexcept'
  c:\users\devil\vcpkg\installed\x64-windows\include\entt\meta\meta.hpp(349): note: see reference to function template instantiation 'entt::internal::meta_type_node *entt::internal::meta_node<unsigned __int64>::resolve(void) noexcept' being compiled
  c:\users\devil\vcpkg\installed\x64-windows\include\entt\meta\meta.hpp(233): note: see reference to class template instantiation 'entt::internal::meta_node<unsigned __int64>' being compiled
  c:\users\devil\vcpkg\installed\x64-windows\include\entt\meta\meta.hpp(347): note: see reference to class template instantiation 'entt::internal::meta_info<Type>' being compiled
          with
          [
              Type=unsigned __int64
          ]
  c:\users\devil\vcpkg\installed\x64-windows\include\entt\meta\meta.hpp(379): note: see reference to function template instantiation 'entt::meta_any::meta_any<unsigned __int64,size_t&>(std::in_place_type_t<unsigned __int64>,size_t &)' being compiled
  c:\users\devil\vcpkg\installed\x64-windows\include\entt\meta\meta.hpp(970): note: see reference to function template instantiation 'entt::meta_any::meta_any<size_t&,void>(Type)' being compiled
          with
          [
              Type=size_t &
          ]
  Generating Code...
LINK : warning LNK4098: defaultlib 'MSVCRT' conflicts with use of other libs; use /NODEFAULTLIB:library
  GalaxyECS.vcxproj -> C:\Users\devil\source\repos\GalaxyECS\x64\Debug\GalaxyECS.exe
