c:\users\devil\source\repos\galaxyecs\galaxyecs\x64\release\vc141.pdb
c:\users\devil\source\repos\galaxyecs\galaxyecs\x64\release\renderer.obj
c:\users\devil\source\repos\galaxyecs\galaxyecs\x64\release\input.obj
c:\users\devil\source\repos\galaxyecs\galaxyecs\x64\release\galaxyecs.obj
c:\users\devil\source\repos\galaxyecs\galaxyecs\x64\release\camera.obj
c:\users\devil\source\repos\galaxyecs\galaxyecs\x64\release\vec64.obj
c:\users\devil\source\repos\galaxyecs\galaxyecs\x64\release\shadermanager.obj
c:\users\devil\source\repos\galaxyecs\galaxyecs\x64\release\shader.obj
c:\users\devil\source\repos\galaxyecs\galaxyecs\x64\release\globals.obj
c:\users\devil\source\repos\galaxyecs\galaxyecs\x64\release\entitymanager.obj
c:\users\devil\source\repos\galaxyecs\galaxyecs\x64\release\isystem.obj
c:\users\devil\source\repos\galaxyecs\galaxyecs\x64\release\orbit.obj
c:\users\devil\source\repos\galaxyecs\galaxyecs\x64\release\galaxy.obj
c:\users\devil\source\repos\galaxyecs\galaxyecs\x64\release\components.obj
c:\users\devil\source\repos\galaxyecs\galaxyecs\x64\release\guimanager.obj
c:\users\devil\source\repos\galaxyecs\galaxyecs\x64\release\imgui_widgets.obj
c:\users\devil\source\repos\galaxyecs\galaxyecs\x64\release\imgui_stdlib.obj
c:\users\devil\source\repos\galaxyecs\galaxyecs\x64\release\imgui_draw.obj
c:\users\devil\source\repos\galaxyecs\galaxyecs\x64\release\imgui_demo.obj
c:\users\devil\source\repos\galaxyecs\galaxyecs\x64\release\imgui.obj
c:\users\devil\source\repos\galaxyecs\galaxyecs\x64\release\imgui_impl_opengl3.obj
c:\users\devil\source\repos\galaxyecs\galaxyecs\x64\release\imgui_impl_glfw.obj
c:\users\devil\source\repos\galaxyecs\x64\release\galaxyecs.ipdb
c:\users\devil\source\repos\galaxyecs\x64\release\galaxyecs.iobj
c:\users\devil\source\repos\galaxyecs\galaxyecs\x64\release\vcpkg.applocal.log
c:\users\devil\source\repos\galaxyecs\x64\release\libpng16.dll
c:\users\devil\source\repos\galaxyecs\x64\release\zlib1.dll
c:\users\devil\source\repos\galaxyecs\x64\release\galaxyecs.exe
c:\users\devil\source\repos\galaxyecs\x64\release\galaxyecs.pdb
c:\users\devil\source\repos\galaxyecs\galaxyecs\x64\release\galaxyecs.tlog\cl.command.1.tlog
c:\users\devil\source\repos\galaxyecs\galaxyecs\x64\release\galaxyecs.tlog\cl.read.1.tlog
c:\users\devil\source\repos\galaxyecs\galaxyecs\x64\release\galaxyecs.tlog\cl.write.1.tlog
c:\users\devil\source\repos\galaxyecs\galaxyecs\x64\release\galaxyecs.tlog\galaxyecs.write.1u.tlog
c:\users\devil\source\repos\galaxyecs\galaxyecs\x64\release\galaxyecs.tlog\link.command.1.tlog
c:\users\devil\source\repos\galaxyecs\galaxyecs\x64\release\galaxyecs.tlog\link.read.1.tlog
c:\users\devil\source\repos\galaxyecs\galaxyecs\x64\release\galaxyecs.tlog\link.write.1.tlog
